<?xml version="1.0" encoding="UTF-8"?>
<testng-results ignored="0" total="1" passed="1" failed="0" skipped="0">
  <reporter-output>
  </reporter-output>
  <suite started-at="2021-08-09T19:07:13 IST" name="Surefire suite" finished-at="2021-08-09T19:07:14 IST" duration-ms="822">
    <groups>
    </groups>
    <test started-at="2021-08-09T19:07:13 IST" name="Surefire test" finished-at="2021-08-09T19:07:14 IST" duration-ms="822">
      <class name="cucumberProject.CucumberProject.AppTest">
        <test-method signature="testApp()" started-at="2021-08-09T19:07:14 IST" name="testApp" finished-at="2021-08-09T19:07:14 IST" duration-ms="23" status="PASS">
          <reporter-output>
          </reporter-output>
        </test-method> <!-- testApp -->
      </class> <!-- cucumberProject.CucumberProject.AppTest -->
    </test> <!-- Surefire test -->
  </suite> <!-- Surefire suite -->
</testng-results>
